144 INFO: PyInstaller: 6.21.0, contrib hooks: 2026.6
144 INFO: Python: 3.14.5
194 INFO: Platform: Windows-11-10.0.26300-SP0
194 INFO: Python environment: C:\Users\tecel\ardu-field-planner\.venv
483 INFO: Module search paths (PYTHONPATH):
['C:\\Users\\tecel\\ardu-field-planner',
 'C:\\Users\\tecel\\AppData\\Local\\Programs\\Python\\Python314\\python314.zip',
 'C:\\Users\\tecel\\AppData\\Local\\Programs\\Python\\Python314\\DLLs',
 'C:\\Users\\tecel\\AppData\\Local\\Programs\\Python\\Python314\\Lib',
 'C:\\Users\\tecel\\AppData\\Local\\Programs\\Python\\Python314',
 'C:\\Users\\tecel\\ardu-field-planner\\.venv',
 'C:\\Users\\tecel\\ardu-field-planner\\.venv\\Lib\\site-packages',
 'C:\\Users\\tecel\\ardu-field-planner']
904 INFO: Appending 'datas' from .spec
907 INFO: checking Analysis
907 INFO: Building Analysis because Analysis-00.toc is non existent
907 INFO: Looking for Python shared library...
907 INFO: Using Python shared library: C:\Users\tecel\AppData\Local\Programs\Python\Python314\python314.dll
907 INFO: Running Analysis Analysis-00.toc
907 INFO: Target bytecode optimization level: 0
907 INFO: Initializing module dependency graph...
908 INFO: Initializing module graph hook caches...
922 INFO: Analyzing modules for base_library.zip ...
1707 INFO: Processing standard module hook 'hook-encodings.py' from 'C:\\Users\\tecel\\ardu-field-planner\\.venv\\Lib\\site-packages\\PyInstaller\\hooks'
2651 INFO: Processing standard module hook 'hook-math.py' from 'C:\\Users\\tecel\\ardu-field-planner\\.venv\\Lib\\site-packages\\PyInstaller\\hooks'
3752 INFO: Processing standard module hook 'hook-difflib.py' from 'C:\\Users\\tecel\\ardu-field-planner\\.venv\\Lib\\site-packages\\PyInstaller\\hooks'
3762 INFO: Processing standard module hook 'hook-heapq.py' from 'C:\\Users\\tecel\\ardu-field-planner\\.venv\\Lib\\site-packages\\PyInstaller\\hooks'
3852 INFO: Processing standard module hook 'hook-pickle.py' from 'C:\\Users\\tecel\\ardu-field-planner\\.venv\\Lib\\site-packages\\PyInstaller\\hooks'
5052 INFO: Caching module dependency graph...
5078 INFO: Analyzing C:\Users\tecel\ardu-field-planner\app_qt.py
5113 INFO: Processing standard module hook 'hook-webbrowser.py' from 'C:\\Users\\tecel\\ardu-field-planner\\.venv\\Lib\\site-packages\\PyInstaller\\hooks'
5159 INFO: Processing standard module hook 'hook-sysconfig.py' from 'C:\\Users\\tecel\\ardu-field-planner\\.venv\\Lib\\site-packages\\PyInstaller\\hooks'
5163 INFO: Processing standard module hook 'hook-_ctypes.py' from 'C:\\Users\\tecel\\ardu-field-planner\\.venv\\Lib\\site-packages\\PyInstaller\\hooks'
5309 INFO: Processing standard module hook 'hook-webview.py' from 'C:\\Users\\tecel\\ardu-field-planner\\.venv\\Lib\\site-packages\\webview\\__pyinstaller'
5395 INFO: Processing standard module hook 'hook-platform.py' from 'C:\\Users\\tecel\\ardu-field-planner\\.venv\\Lib\\site-packages\\PyInstaller\\hooks'
5790 INFO: Processing standard module hook 'hook-multiprocessing.util.py' from 'C:\\Users\\tecel\\ardu-field-planner\\.venv\\Lib\\site-packages\\PyInstaller\\hooks'
5864 INFO: Processing standard module hook 'hook-xml.py' from 'C:\\Users\\tecel\\ardu-field-planner\\.venv\\Lib\\site-packages\\PyInstaller\\hooks'
6410 INFO: Processing standard module hook 'hook-jinja2.py' from 'C:\\Users\\tecel\\ardu-field-planner\\.venv\\Lib\\site-packages\\_pyinstaller_hooks_contrib\\stdhooks'
6421 INFO: Processing pre-safe-import-module hook 'hook-typing_extensions.py' from 'C:\\Users\\tecel\\ardu-field-planner\\.venv\\Lib\\site-packages\\PyInstaller\\hooks\\pre_safe_import_module'
6422 INFO: SetuptoolsInfo: initializing cached setuptools info...
7499 INFO: Processing pre-safe-import-module hook 'hook-gi.py' from 'C:\\Users\\tecel\\ardu-field-planner\\.venv\\Lib\\site-packages\\PyInstaller\\hooks\\pre_safe_import_module'
7624 INFO: Processing standard module hook 'hook-clr.py' from 'C:\\Users\\tecel\\ardu-field-planner\\.venv\\Lib\\site-packages\\pythonnet\\_pyinstaller'
7675 INFO: Processing standard module hook 'hook-clr_loader.py' from 'C:\\Users\\tecel\\ardu-field-planner\\.venv\\Lib\\site-packages\\_pyinstaller_hooks_contrib\\stdhooks'
7770 INFO: Processing standard module hook 'hook-pycparser.py' from 'C:\\Users\\tecel\\ardu-field-planner\\.venv\\Lib\\site-packages\\_pyinstaller_hooks_contrib\\stdhooks'
7918 INFO: Processing standard module hook 'hook-setuptools.py' from 'C:\\Users\\tecel\\ardu-field-planner\\.venv\\Lib\\site-packages\\PyInstaller\\hooks'
7925 INFO: Processing pre-safe-import-module hook 'hook-distutils.py' from 'C:\\Users\\tecel\\ardu-field-planner\\.venv\\Lib\\site-packages\\PyInstaller\\hooks\\pre_safe_import_module'
8180 INFO: Processing pre-safe-import-module hook 'hook-importlib_metadata.py' from 'C:\\Users\\tecel\\ardu-field-planner\\.venv\\Lib\\site-packages\\PyInstaller\\hooks\\pre_safe_import_module'
8343 INFO: Processing pre-safe-import-module hook 'hook-packaging.py' from 'C:\\Users\\tecel\\ardu-field-planner\\.venv\\Lib\\site-packages\\PyInstaller\\hooks\\pre_safe_import_module'
8949 INFO: Processing standard module hook 'hook-pkg_resources.py' from 'C:\\Users\\tecel\\ardu-field-planner\\.venv\\Lib\\site-packages\\PyInstaller\\hooks'
10705 INFO: Processing standard module hook 'hook-xml.etree.cElementTree.py' from 'C:\\Users\\tecel\\ardu-field-planner\\.venv\\Lib\\site-packages\\PyInstaller\\hooks'
10792 INFO: Processing standard module hook 'hook-shapely.py' from 'C:\\Users\\tecel\\ardu-field-planner\\.venv\\Lib\\site-packages\\_pyinstaller_hooks_contrib\\stdhooks'
10822 INFO: Processing standard module hook 'hook-numpy.py' from 'C:\\Users\\tecel\\ardu-field-planner\\.venv\\Lib\\site-packages\\PyInstaller\\hooks'
11766 INFO: Processing standard module hook 'hook-psutil.py' from 'C:\\Users\\tecel\\ardu-field-planner\\.venv\\Lib\\site-packages\\_pyinstaller_hooks_contrib\\stdhooks'
12818 INFO: Processing standard module hook 'hook-charset_normalizer.py' from 'C:\\Users\\tecel\\ardu-field-planner\\.venv\\Lib\\site-packages\\_pyinstaller_hooks_contrib\\stdhooks'
13763 INFO: Processing standard module hook 'hook-sqlite3.py' from 'C:\\Users\\tecel\\ardu-field-planner\\.venv\\Lib\\site-packages\\PyInstaller\\hooks'
15228 INFO: Processing standard module hook 'hook-lxml.py' from 'C:\\Users\\tecel\\ardu-field-planner\\.venv\\Lib\\site-packages\\_pyinstaller_hooks_contrib\\stdhooks'
15503 INFO: Processing standard module hook 'hook-lxml.etree.py' from 'C:\\Users\\tecel\\ardu-field-planner\\.venv\\Lib\\site-packages\\_pyinstaller_hooks_contrib\\stdhooks'
15774 INFO: Processing standard module hook 'hook-lxml.objectify.py' from 'C:\\Users\\tecel\\ardu-field-planner\\.venv\\Lib\\site-packages\\_pyinstaller_hooks_contrib\\stdhooks'
15836 INFO: Processing standard module hook 'hook-PySide6.py' from 'C:\\Users\\tecel\\ardu-field-planner\\.venv\\Lib\\site-packages\\PyInstaller\\hooks'
16007 INFO: Processing standard module hook 'hook-shiboken6.py' from 'C:\\Users\\tecel\\ardu-field-planner\\.venv\\Lib\\site-packages\\PyInstaller\\hooks'
16247 INFO: Processing standard module hook 'hook-PySide6.QtNetwork.py' from 'C:\\Users\\tecel\\ardu-field-planner\\.venv\\Lib\\site-packages\\PyInstaller\\hooks'
19732 INFO: Processing standard module hook 'hook-PySide6.QtCore.py' from 'C:\\Users\\tecel\\ardu-field-planner\\.venv\\Lib\\site-packages\\PyInstaller\\hooks'
23205 WARNING: QtLibraryInfo(PySide6): could not find translations with base name 'qtbase'! These translations will not be collected.
23205 WARNING: QtLibraryInfo(PySide6): could not find translations with base name 'qt'! These translations will not be collected.
24379 INFO: Processing standard module hook 'hook-PySide6.QtGui.py' from 'C:\\Users\\tecel\\ardu-field-planner\\.venv\\Lib\\site-packages\\PyInstaller\\hooks'
44563 INFO: Processing standard module hook 'hook-PySide6.QtWidgets.py' from 'C:\\Users\\tecel\\ardu-field-planner\\.venv\\Lib\\site-packages\\PyInstaller\\hooks'
49760 INFO: Processing standard module hook 'hook-PySide6.QtWebEngineWidgets.py' from 'C:\\Users\\tecel\\ardu-field-planner\\.venv\\Lib\\site-packages\\PyInstaller\\hooks'
50600 INFO: Processing standard module hook 'hook-PySide6.QtPrintSupport.py' from 'C:\\Users\\tecel\\ardu-field-planner\\.venv\\Lib\\site-packages\\PyInstaller\\hooks'
51607 INFO: Processing standard module hook 'hook-PySide6.QtWebEngineCore.py' from 'C:\\Users\\tecel\\ardu-field-planner\\.venv\\Lib\\site-packages\\PyInstaller\\hooks'
55224 WARNING: QtLibraryInfo(PySide6): could not find translations with base name 'qtwebengine'! These translations will not be collected.
55231 INFO: Processing standard module hook 'hook-PySide6.QtWebChannel.py' from 'C:\\Users\\tecel\\ardu-field-planner\\.venv\\Lib\\site-packages\\PyInstaller\\hooks'
56250 INFO: Analyzing hidden import 'pymavlink.dialects.v10.ASLUAV'
57506 INFO: Analyzing hidden import 'pymavlink.dialects.v10.AVSSUAS'
58477 INFO: Analyzing hidden import 'pymavlink.dialects.v10.all'
59592 INFO: Analyzing hidden import 'pymavlink.dialects.v10.common'
60362 INFO: Analyzing hidden import 'pymavlink.dialects.v10.csAirLink'
60393 INFO: Analyzing hidden import 'pymavlink.dialects.v10.cubepilot'
61127 INFO: Analyzing hidden import 'pymavlink.dialects.v10.development'
61892 INFO: Analyzing hidden import 'pymavlink.dialects.v10.icarous'
61922 INFO: Analyzing hidden import 'pymavlink.dialects.v10.loweheiser'
61975 INFO: Analyzing hidden import 'pymavlink.dialects.v10.matrixpilot'
62796 INFO: Analyzing hidden import 'pymavlink.dialects.v10.minimal'
62852 INFO: Analyzing hidden import 'pymavlink.dialects.v10.paparazzi'
63612 INFO: Analyzing hidden import 'pymavlink.dialects.v10.python_array_test'
64351 INFO: Analyzing hidden import 'pymavlink.dialects.v10.standard'
64409 INFO: Analyzing hidden import 'pymavlink.dialects.v10.storm32'
65403 INFO: Analyzing hidden import 'pymavlink.dialects.v10.test'
65435 INFO: Analyzing hidden import 'pymavlink.dialects.v10.uAvionix'
66196 INFO: Analyzing hidden import 'pymavlink.dialects.v10.ualberta'
66940 INFO: Analyzing hidden import 'pymavlink.dialects.v20'
66941 INFO: Analyzing hidden import 'pymavlink.dialects.v20.ASLUAV'
68013 INFO: Analyzing hidden import 'pymavlink.dialects.v20.AVSSUAS'
69032 INFO: Analyzing hidden import 'pymavlink.dialects.v20.all'
70843 INFO: Analyzing hidden import 'pymavlink.dialects.v20.ardupilotmega'
72221 INFO: Analyzing hidden import 'pymavlink.dialects.v20.common'
73231 INFO: Analyzing hidden import 'pymavlink.dialects.v20.csAirLink'
73263 INFO: Analyzing hidden import 'pymavlink.dialects.v20.cubepilot'
74273 INFO: Analyzing hidden import 'pymavlink.dialects.v20.development'
75324 INFO: Analyzing hidden import 'pymavlink.dialects.v20.icarous'
75365 INFO: Analyzing hidden import 'pymavlink.dialects.v20.loweheiser'
75422 INFO: Analyzing hidden import 'pymavlink.dialects.v20.matrixpilot'
76596 INFO: Analyzing hidden import 'pymavlink.dialects.v20.minimal'
76654 INFO: Analyzing hidden import 'pymavlink.dialects.v20.paparazzi'
77735 INFO: Analyzing hidden import 'pymavlink.dialects.v20.python_array_test'
78755 INFO: Analyzing hidden import 'pymavlink.dialects.v20.standard'
78807 INFO: Analyzing hidden import 'pymavlink.dialects.v20.storm32'
80245 INFO: Analyzing hidden import 'pymavlink.dialects.v20.test'
80280 INFO: Analyzing hidden import 'pymavlink.dialects.v20.uAvionix'
81534 INFO: Analyzing hidden import 'pymavlink.dialects.v20.ualberta'
82537 INFO: Analyzing hidden import 'pymavlink.fgFDM'
82545 INFO: Analyzing hidden import 'pymavlink.mavftp'
82607 INFO: Analyzing hidden import 'pymavlink.mavftpfs'
82616 INFO: Analyzing hidden import 'pymavlink.mavparm'
82623 INFO: Analyzing hidden import 'pymavlink.mavtestgen'
82627 INFO: Analyzing hidden import 'pymavlink.mavwp'
82653 INFO: Analyzing hidden import 'pymavlink.setup'
82681 INFO: Processing module hooks (post-graph stage)...
82915 INFO: Processing standard module hook 'hook-lxml.isoschematron.py' from 'C:\\Users\\tecel\\ardu-field-planner\\.venv\\Lib\\site-packages\\_pyinstaller_hooks_contrib\\stdhooks'
82970 WARNING: Hidden import "pycparser.lextab" not found!
82970 WARNING: Hidden import "pycparser.yacctab" not found!
83369 INFO: Processing pre-safe-import-module hook 'hook-platformdirs.py' from 'C:\\Users\\tecel\\ardu-field-planner\\.venv\\Lib\\site-packages\\PyInstaller\\hooks\\pre_safe_import_module'
83637 INFO: Processing standard module hook 'hook-PySide6.QtQuick.py' from 'C:\\Users\\tecel\\ardu-field-planner\\.venv\\Lib\\site-packages\\PyInstaller\\hooks'
87596 INFO: Processing standard module hook 'hook-PySide6.QtOpenGL.py' from 'C:\\Users\\tecel\\ardu-field-planner\\.venv\\Lib\\site-packages\\PyInstaller\\hooks'
92251 INFO: Processing standard module hook 'hook-PySide6.QtQml.py' from 'C:\\Users\\tecel\\ardu-field-planner\\.venv\\Lib\\site-packages\\PyInstaller\\hooks'
97500 WARNING: QtLibraryInfo(PySide6): could not find translations with base name 'qtdeclarative'! These translations will not be collected.
97500 WARNING: QtLibraryInfo(PySide6): QML directory 'C:/Users/tecel/ardu-field-planner/.venv/Lib/site-packages/PySide6/qml' does not exist. QML files not packaged.
97658 INFO: Processing standard module hook 'hook-PySide6.QtPositioning.py' from 'C:\\Users\\tecel\\ardu-field-planner\\.venv\\Lib\\site-packages\\PyInstaller\\hooks'
100025 WARNING: QtLibraryInfo(PySide6): could not find translations with base name 'qtlocation'! These translations will not be collected.
100036 INFO: Processing standard module hook 'hook-PySide6.QtQuickWidgets.py' from 'C:\\Users\\tecel\\ardu-field-planner\\.venv\\Lib\\site-packages\\PyInstaller\\hooks'
101269 INFO: Processing standard module hook 'hook-setuptools._vendor.importlib_metadata.py' from 'C:\\Users\\tecel\\ardu-field-planner\\.venv\\Lib\\site-packages\\PyInstaller\\hooks'
101388 INFO: Processing standard module hook 'hook-setuptools._vendor.jaraco.text.py' from 'C:\\Users\\tecel\\ardu-field-planner\\.venv\\Lib\\site-packages\\PyInstaller\\hooks'
101657 INFO: Performing binary vs. data reclassification (220 entries)
101796 INFO: Looking for ctypes DLLs
101892 WARNING: Ignoring /System/Library/Frameworks/IOKit.framework/IOKit imported from C:\Users\tecel\ardu-field-planner\.venv\Lib\site-packages\serial\tools\list_ports_osx.py - only basenames are supported with ctypes imports!
101892 WARNING: Ignoring /System/Library/Frameworks/CoreFoundation.framework/CoreFoundation imported from C:\Users\tecel\ardu-field-planner\.venv\Lib\site-packages\serial\tools\list_ports_osx.py - only basenames are supported with ctypes imports!
101947 INFO: Analyzing run-time hooks ...
101956 INFO: Including run-time hook 'pyi_rth_inspect.py' from 'C:\\Users\\tecel\\ardu-field-planner\\.venv\\Lib\\site-packages\\PyInstaller\\hooks\\rthooks'
101961 INFO: Including run-time hook 'pyi_rth_setuptools.py' from 'C:\\Users\\tecel\\ardu-field-planner\\.venv\\Lib\\site-packages\\PyInstaller\\hooks\\rthooks'
101964 INFO: Including run-time hook 'pyi_rth_pkgutil.py' from 'C:\\Users\\tecel\\ardu-field-planner\\.venv\\Lib\\site-packages\\PyInstaller\\hooks\\rthooks'
101969 INFO: Including run-time hook 'pyi_rth_multiprocessing.py' from 'C:\\Users\\tecel\\ardu-field-planner\\.venv\\Lib\\site-packages\\PyInstaller\\hooks\\rthooks'
101974 INFO: Including run-time hook 'pyi_rth_pkgres.py' from 'C:\\Users\\tecel\\ardu-field-planner\\.venv\\Lib\\site-packages\\PyInstaller\\hooks\\rthooks'
101985 INFO: Including run-time hook 'pyi_rth_pyside6.py' from 'C:\\Users\\tecel\\ardu-field-planner\\.venv\\Lib\\site-packages\\PyInstaller\\hooks\\rthooks'
101989 INFO: Processing pre-find-module-path hook 'hook-_pyi_rth_utils.py' from 'C:\\Users\\tecel\\ardu-field-planner\\.venv\\Lib\\site-packages\\PyInstaller\\hooks\\pre_find_module_path'
101992 INFO: Processing standard module hook 'hook-_pyi_rth_utils.py' from 'C:\\Users\\tecel\\ardu-field-planner\\.venv\\Lib\\site-packages\\PyInstaller\\hooks'
102022 INFO: Creating base_library.zip...
102048 INFO: Looking for dynamic libraries
103884 INFO: Extra DLL search directories (AddDllDirectory): ['C:\\Users\\tecel\\ardu-field-planner\\.venv\\Lib\\site-packages\\shiboken6', 'C:\\Users\\tecel\\ardu-field-planner\\.venv\\Lib\\site-packages\\numpy.libs', 'C:\\Users\\tecel\\ardu-field-planner\\.venv\\Lib\\site-packages\\shapely.libs']
103884 INFO: Extra DLL search directories (PATH): ['C:\\Users\\tecel\\ardu-field-planner\\.venv\\Lib\\site-packages\\PySide6']
106774 INFO: Warnings written to C:\Users\tecel\ardu-field-planner\build\FieldMissionPlanner\warn-FieldMissionPlanner.txt
106864 INFO: Graph cross-reference written to C:\Users\tecel\ardu-field-planner\build\FieldMissionPlanner\xref-FieldMissionPlanner.html
106920 INFO: checking PYZ
106921 INFO: Building PYZ because PYZ-00.toc is non existent
106921 INFO: Building PYZ (ZlibArchive) C:\Users\tecel\ardu-field-planner\build\FieldMissionPlanner\PYZ-00.pyz
108393 INFO: Building PYZ (ZlibArchive) C:\Users\tecel\ardu-field-planner\build\FieldMissionPlanner\PYZ-00.pyz completed successfully.
108422 INFO: checking PKG
108422 INFO: Building PKG because PKG-00.toc is non existent
108423 INFO: Building PKG (CArchive) FieldMissionPlanner.pkg
108463 INFO: Building PKG (CArchive) FieldMissionPlanner.pkg completed successfully.
108465 INFO: Bootloader C:\Users\tecel\ardu-field-planner\.venv\Lib\site-packages\PyInstaller\bootloader\Windows-64bit-intel\runw.exe
108465 INFO: checking EXE
108465 INFO: Building EXE because EXE-00.toc is non existent
108465 INFO: Building EXE from EXE-00.toc
108465 INFO: Copying bootloader EXE to C:\Users\tecel\ardu-field-planner\build\FieldMissionPlanner\FieldMissionPlanner.exe
108494 INFO: Copying icon to EXE
108505 INFO: Copying 0 resources to EXE
108505 INFO: Embedding manifest in EXE
108516 INFO: Appending PKG archive to EXE
108751 INFO: Fixing EXE headers
109319 INFO: Building EXE from EXE-00.toc completed successfully.
109323 INFO: checking COLLECT
109323 INFO: Building COLLECT because COLLECT-00.toc is non existent
109323 INFO: Building COLLECT COLLECT-00.toc
114034 INFO: Building COLLECT COLLECT-00.toc completed successfully.
114041 INFO: Build complete! The results are available in: C:\Users\tecel\ardu-field-planner\dist
