123 INFO: PyInstaller: 6.21.0, contrib hooks: 2026.6
123 INFO: Python: 3.14.5
149 INFO: Platform: Windows-11-10.0.26300-SP0
149 INFO: Python environment: C:\Users\tecel\ardu-field-planner\.venv
410 INFO: Module search paths (PYTHONPATH):
['C:\\Users\\tecel\\ardu-field-planner',
 'C:\\Users\\tecel\\AppData\\Local\\Programs\\Python\\Python314\\python314.zip',
 'C:\\Users\\tecel\\AppData\\Local\\Programs\\Python\\Python314\\DLLs',
 'C:\\Users\\tecel\\AppData\\Local\\Programs\\Python\\Python314\\Lib',
 'C:\\Users\\tecel\\AppData\\Local\\Programs\\Python\\Python314',
 'C:\\Users\\tecel\\ardu-field-planner\\.venv',
 'C:\\Users\\tecel\\ardu-field-planner\\.venv\\Lib\\site-packages',
 'C:\\Users\\tecel\\ardu-field-planner']
785 INFO: Appending 'datas' from .spec
787 INFO: checking Analysis
787 INFO: Building Analysis because Analysis-00.toc is non existent
787 INFO: Looking for Python shared library...
787 INFO: Using Python shared library: C:\Users\tecel\AppData\Local\Programs\Python\Python314\python314.dll
787 INFO: Running Analysis Analysis-00.toc
787 INFO: Target bytecode optimization level: 0
788 INFO: Initializing module dependency graph...
788 INFO: Initializing module graph hook caches...
801 INFO: Analyzing modules for base_library.zip ...
2119 INFO: Processing standard module hook 'hook-encodings.py' from 'C:\\Users\\tecel\\ardu-field-planner\\.venv\\Lib\\site-packages\\PyInstaller\\hooks'
2573 INFO: Processing standard module hook 'hook-pickle.py' from 'C:\\Users\\tecel\\ardu-field-planner\\.venv\\Lib\\site-packages\\PyInstaller\\hooks'
2770 INFO: Processing standard module hook 'hook-math.py' from 'C:\\Users\\tecel\\ardu-field-planner\\.venv\\Lib\\site-packages\\PyInstaller\\hooks'
2890 INFO: Processing standard module hook 'hook-difflib.py' from 'C:\\Users\\tecel\\ardu-field-planner\\.venv\\Lib\\site-packages\\PyInstaller\\hooks'
2901 INFO: Processing standard module hook 'hook-heapq.py' from 'C:\\Users\\tecel\\ardu-field-planner\\.venv\\Lib\\site-packages\\PyInstaller\\hooks'
4952 INFO: Caching module dependency graph...
4975 INFO: Analyzing C:\Users\tecel\ardu-field-planner\app_qt.py
5008 INFO: Processing standard module hook 'hook-webbrowser.py' from 'C:\\Users\\tecel\\ardu-field-planner\\.venv\\Lib\\site-packages\\PyInstaller\\hooks'
5053 INFO: Processing standard module hook 'hook-sysconfig.py' from 'C:\\Users\\tecel\\ardu-field-planner\\.venv\\Lib\\site-packages\\PyInstaller\\hooks'
5057 INFO: Processing standard module hook 'hook-_ctypes.py' from 'C:\\Users\\tecel\\ardu-field-planner\\.venv\\Lib\\site-packages\\PyInstaller\\hooks'
5202 INFO: Processing standard module hook 'hook-webview.py' from 'C:\\Users\\tecel\\ardu-field-planner\\.venv\\Lib\\site-packages\\webview\\__pyinstaller'
5286 INFO: Processing standard module hook 'hook-platform.py' from 'C:\\Users\\tecel\\ardu-field-planner\\.venv\\Lib\\site-packages\\PyInstaller\\hooks'
5676 INFO: Processing standard module hook 'hook-multiprocessing.util.py' from 'C:\\Users\\tecel\\ardu-field-planner\\.venv\\Lib\\site-packages\\PyInstaller\\hooks'
5749 INFO: Processing standard module hook 'hook-xml.py' from 'C:\\Users\\tecel\\ardu-field-planner\\.venv\\Lib\\site-packages\\PyInstaller\\hooks'
6313 INFO: Processing standard module hook 'hook-jinja2.py' from 'C:\\Users\\tecel\\ardu-field-planner\\.venv\\Lib\\site-packages\\_pyinstaller_hooks_contrib\\stdhooks'
6324 INFO: Processing pre-safe-import-module hook 'hook-typing_extensions.py' from 'C:\\Users\\tecel\\ardu-field-planner\\.venv\\Lib\\site-packages\\PyInstaller\\hooks\\pre_safe_import_module'
6325 INFO: SetuptoolsInfo: initializing cached setuptools info...
7401 INFO: Processing pre-safe-import-module hook 'hook-gi.py' from 'C:\\Users\\tecel\\ardu-field-planner\\.venv\\Lib\\site-packages\\PyInstaller\\hooks\\pre_safe_import_module'
7527 INFO: Processing standard module hook 'hook-clr.py' from 'C:\\Users\\tecel\\ardu-field-planner\\.venv\\Lib\\site-packages\\pythonnet\\_pyinstaller'
7577 INFO: Processing standard module hook 'hook-clr_loader.py' from 'C:\\Users\\tecel\\ardu-field-planner\\.venv\\Lib\\site-packages\\_pyinstaller_hooks_contrib\\stdhooks'
7669 INFO: Processing standard module hook 'hook-pycparser.py' from 'C:\\Users\\tecel\\ardu-field-planner\\.venv\\Lib\\site-packages\\_pyinstaller_hooks_contrib\\stdhooks'
7818 INFO: Processing standard module hook 'hook-setuptools.py' from 'C:\\Users\\tecel\\ardu-field-planner\\.venv\\Lib\\site-packages\\PyInstaller\\hooks'
7826 INFO: Processing pre-safe-import-module hook 'hook-distutils.py' from 'C:\\Users\\tecel\\ardu-field-planner\\.venv\\Lib\\site-packages\\PyInstaller\\hooks\\pre_safe_import_module'
8074 INFO: Processing pre-safe-import-module hook 'hook-importlib_metadata.py' from 'C:\\Users\\tecel\\ardu-field-planner\\.venv\\Lib\\site-packages\\PyInstaller\\hooks\\pre_safe_import_module'
8235 INFO: Processing pre-safe-import-module hook 'hook-packaging.py' from 'C:\\Users\\tecel\\ardu-field-planner\\.venv\\Lib\\site-packages\\PyInstaller\\hooks\\pre_safe_import_module'
8834 INFO: Processing standard module hook 'hook-pkg_resources.py' from 'C:\\Users\\tecel\\ardu-field-planner\\.venv\\Lib\\site-packages\\PyInstaller\\hooks'
10597 INFO: Processing standard module hook 'hook-xml.etree.cElementTree.py' from 'C:\\Users\\tecel\\ardu-field-planner\\.venv\\Lib\\site-packages\\PyInstaller\\hooks'
10679 INFO: Processing standard module hook 'hook-shapely.py' from 'C:\\Users\\tecel\\ardu-field-planner\\.venv\\Lib\\site-packages\\_pyinstaller_hooks_contrib\\stdhooks'
10708 INFO: Processing standard module hook 'hook-numpy.py' from 'C:\\Users\\tecel\\ardu-field-planner\\.venv\\Lib\\site-packages\\PyInstaller\\hooks'
11633 INFO: Processing standard module hook 'hook-psutil.py' from 'C:\\Users\\tecel\\ardu-field-planner\\.venv\\Lib\\site-packages\\_pyinstaller_hooks_contrib\\stdhooks'
12679 INFO: Processing standard module hook 'hook-charset_normalizer.py' from 'C:\\Users\\tecel\\ardu-field-planner\\.venv\\Lib\\site-packages\\_pyinstaller_hooks_contrib\\stdhooks'
13618 INFO: Processing standard module hook 'hook-sqlite3.py' from 'C:\\Users\\tecel\\ardu-field-planner\\.venv\\Lib\\site-packages\\PyInstaller\\hooks'
15084 INFO: Processing standard module hook 'hook-lxml.py' from 'C:\\Users\\tecel\\ardu-field-planner\\.venv\\Lib\\site-packages\\_pyinstaller_hooks_contrib\\stdhooks'
15360 INFO: Processing standard module hook 'hook-lxml.etree.py' from 'C:\\Users\\tecel\\ardu-field-planner\\.venv\\Lib\\site-packages\\_pyinstaller_hooks_contrib\\stdhooks'
15634 INFO: Processing standard module hook 'hook-lxml.objectify.py' from 'C:\\Users\\tecel\\ardu-field-planner\\.venv\\Lib\\site-packages\\_pyinstaller_hooks_contrib\\stdhooks'
15694 INFO: Processing standard module hook 'hook-PySide6.py' from 'C:\\Users\\tecel\\ardu-field-planner\\.venv\\Lib\\site-packages\\PyInstaller\\hooks'
15875 INFO: Processing standard module hook 'hook-shiboken6.py' from 'C:\\Users\\tecel\\ardu-field-planner\\.venv\\Lib\\site-packages\\PyInstaller\\hooks'
16122 INFO: Processing standard module hook 'hook-PySide6.QtNetwork.py' from 'C:\\Users\\tecel\\ardu-field-planner\\.venv\\Lib\\site-packages\\PyInstaller\\hooks'
19612 INFO: Processing standard module hook 'hook-PySide6.QtCore.py' from 'C:\\Users\\tecel\\ardu-field-planner\\.venv\\Lib\\site-packages\\PyInstaller\\hooks'
22899 WARNING: QtLibraryInfo(PySide6): could not find translations with base name 'qt'! These translations will not be collected.
22900 WARNING: QtLibraryInfo(PySide6): could not find translations with base name 'qtbase'! These translations will not be collected.
24045 INFO: Processing standard module hook 'hook-PySide6.QtGui.py' from 'C:\\Users\\tecel\\ardu-field-planner\\.venv\\Lib\\site-packages\\PyInstaller\\hooks'
44123 INFO: Processing standard module hook 'hook-PySide6.QtWidgets.py' from 'C:\\Users\\tecel\\ardu-field-planner\\.venv\\Lib\\site-packages\\PyInstaller\\hooks'
47860 INFO: Processing standard module hook 'hook-PySide6.QtWebEngineWidgets.py' from 'C:\\Users\\tecel\\ardu-field-planner\\.venv\\Lib\\site-packages\\PyInstaller\\hooks'
48545 INFO: Processing standard module hook 'hook-PySide6.QtPrintSupport.py' from 'C:\\Users\\tecel\\ardu-field-planner\\.venv\\Lib\\site-packages\\PyInstaller\\hooks'
49340 INFO: Processing standard module hook 'hook-PySide6.QtWebEngineCore.py' from 'C:\\Users\\tecel\\ardu-field-planner\\.venv\\Lib\\site-packages\\PyInstaller\\hooks'
51380 WARNING: QtLibraryInfo(PySide6): could not find translations with base name 'qtwebengine'! These translations will not be collected.
51387 INFO: Processing standard module hook 'hook-PySide6.QtWebChannel.py' from 'C:\\Users\\tecel\\ardu-field-planner\\.venv\\Lib\\site-packages\\PyInstaller\\hooks'
52074 INFO: Analyzing hidden import 'pymavlink.dialects.v10.ASLUAV'
52782 INFO: Analyzing hidden import 'pymavlink.dialects.v10.AVSSUAS'
53490 INFO: Analyzing hidden import 'pymavlink.dialects.v10.all'
54448 INFO: Analyzing hidden import 'pymavlink.dialects.v10.common'
55160 INFO: Analyzing hidden import 'pymavlink.dialects.v10.csAirLink'
55191 INFO: Analyzing hidden import 'pymavlink.dialects.v10.cubepilot'
55902 INFO: Analyzing hidden import 'pymavlink.dialects.v10.development'
56621 INFO: Analyzing hidden import 'pymavlink.dialects.v10.icarous'
56651 INFO: Analyzing hidden import 'pymavlink.dialects.v10.loweheiser'
56718 INFO: Analyzing hidden import 'pymavlink.dialects.v10.matrixpilot'
57502 INFO: Analyzing hidden import 'pymavlink.dialects.v10.minimal'
57555 INFO: Analyzing hidden import 'pymavlink.dialects.v10.paparazzi'
58278 INFO: Analyzing hidden import 'pymavlink.dialects.v10.python_array_test'
59003 INFO: Analyzing hidden import 'pymavlink.dialects.v10.standard'
59057 INFO: Analyzing hidden import 'pymavlink.dialects.v10.storm32'
60058 INFO: Analyzing hidden import 'pymavlink.dialects.v10.test'
60088 INFO: Analyzing hidden import 'pymavlink.dialects.v10.uAvionix'
60824 INFO: Analyzing hidden import 'pymavlink.dialects.v10.ualberta'
61597 INFO: Analyzing hidden import 'pymavlink.dialects.v20'
61598 INFO: Analyzing hidden import 'pymavlink.dialects.v20.ASLUAV'
62678 INFO: Analyzing hidden import 'pymavlink.dialects.v20.AVSSUAS'
63690 INFO: Analyzing hidden import 'pymavlink.dialects.v20.all'
65334 INFO: Analyzing hidden import 'pymavlink.dialects.v20.ardupilotmega'
66667 INFO: Analyzing hidden import 'pymavlink.dialects.v20.common'
67654 INFO: Analyzing hidden import 'pymavlink.dialects.v20.csAirLink'
67690 INFO: Analyzing hidden import 'pymavlink.dialects.v20.cubepilot'
68689 INFO: Analyzing hidden import 'pymavlink.dialects.v20.development'
69676 INFO: Analyzing hidden import 'pymavlink.dialects.v20.icarous'
69713 INFO: Analyzing hidden import 'pymavlink.dialects.v20.loweheiser'
69768 INFO: Analyzing hidden import 'pymavlink.dialects.v20.matrixpilot'
70845 INFO: Analyzing hidden import 'pymavlink.dialects.v20.minimal'
70898 INFO: Analyzing hidden import 'pymavlink.dialects.v20.paparazzi'
71886 INFO: Analyzing hidden import 'pymavlink.dialects.v20.python_array_test'
72887 INFO: Analyzing hidden import 'pymavlink.dialects.v20.standard'
72936 INFO: Analyzing hidden import 'pymavlink.dialects.v20.storm32'
74319 INFO: Analyzing hidden import 'pymavlink.dialects.v20.test'
74354 INFO: Analyzing hidden import 'pymavlink.dialects.v20.uAvionix'
75495 INFO: Analyzing hidden import 'pymavlink.dialects.v20.ualberta'
76540 INFO: Analyzing hidden import 'pymavlink.fgFDM'
76548 INFO: Analyzing hidden import 'pymavlink.mavftp'
76607 INFO: Analyzing hidden import 'pymavlink.mavftpfs'
76617 INFO: Analyzing hidden import 'pymavlink.mavparm'
76623 INFO: Analyzing hidden import 'pymavlink.mavtestgen'
76628 INFO: Analyzing hidden import 'pymavlink.mavwp'
76653 INFO: Analyzing hidden import 'pymavlink.setup'
76681 INFO: Processing module hooks (post-graph stage)...
76946 INFO: Processing standard module hook 'hook-lxml.isoschematron.py' from 'C:\\Users\\tecel\\ardu-field-planner\\.venv\\Lib\\site-packages\\_pyinstaller_hooks_contrib\\stdhooks'
77012 WARNING: Hidden import "pycparser.lextab" not found!
77012 WARNING: Hidden import "pycparser.yacctab" not found!
77432 INFO: Processing pre-safe-import-module hook 'hook-platformdirs.py' from 'C:\\Users\\tecel\\ardu-field-planner\\.venv\\Lib\\site-packages\\PyInstaller\\hooks\\pre_safe_import_module'
77729 INFO: Processing standard module hook 'hook-PySide6.QtQuick.py' from 'C:\\Users\\tecel\\ardu-field-planner\\.venv\\Lib\\site-packages\\PyInstaller\\hooks'
81651 INFO: Processing standard module hook 'hook-PySide6.QtOpenGL.py' from 'C:\\Users\\tecel\\ardu-field-planner\\.venv\\Lib\\site-packages\\PyInstaller\\hooks'
86393 INFO: Processing standard module hook 'hook-PySide6.QtQml.py' from 'C:\\Users\\tecel\\ardu-field-planner\\.venv\\Lib\\site-packages\\PyInstaller\\hooks'
91140 WARNING: QtLibraryInfo(PySide6): could not find translations with base name 'qtdeclarative'! These translations will not be collected.
91140 WARNING: QtLibraryInfo(PySide6): QML directory 'C:/Users/tecel/ardu-field-planner/.venv/Lib/site-packages/PySide6/qml' does not exist. QML files not packaged.
91213 INFO: Processing standard module hook 'hook-PySide6.QtPositioning.py' from 'C:\\Users\\tecel\\ardu-field-planner\\.venv\\Lib\\site-packages\\PyInstaller\\hooks'
92877 WARNING: QtLibraryInfo(PySide6): could not find translations with base name 'qtlocation'! These translations will not be collected.
92887 INFO: Processing standard module hook 'hook-PySide6.QtQuickWidgets.py' from 'C:\\Users\\tecel\\ardu-field-planner\\.venv\\Lib\\site-packages\\PyInstaller\\hooks'
93711 INFO: Processing standard module hook 'hook-setuptools._vendor.importlib_metadata.py' from 'C:\\Users\\tecel\\ardu-field-planner\\.venv\\Lib\\site-packages\\PyInstaller\\hooks'
93787 INFO: Processing standard module hook 'hook-setuptools._vendor.jaraco.text.py' from 'C:\\Users\\tecel\\ardu-field-planner\\.venv\\Lib\\site-packages\\PyInstaller\\hooks'
93952 INFO: Performing binary vs. data reclassification (218 entries)
94023 INFO: Looking for ctypes DLLs
94073 WARNING: Ignoring /System/Library/Frameworks/IOKit.framework/IOKit imported from C:\Users\tecel\ardu-field-planner\.venv\Lib\site-packages\serial\tools\list_ports_osx.py - only basenames are supported with ctypes imports!
94073 WARNING: Ignoring /System/Library/Frameworks/CoreFoundation.framework/CoreFoundation imported from C:\Users\tecel\ardu-field-planner\.venv\Lib\site-packages\serial\tools\list_ports_osx.py - only basenames are supported with ctypes imports!
94094 INFO: Analyzing run-time hooks ...
94098 INFO: Including run-time hook 'pyi_rth_inspect.py' from 'C:\\Users\\tecel\\ardu-field-planner\\.venv\\Lib\\site-packages\\PyInstaller\\hooks\\rthooks'
94101 INFO: Including run-time hook 'pyi_rth_setuptools.py' from 'C:\\Users\\tecel\\ardu-field-planner\\.venv\\Lib\\site-packages\\PyInstaller\\hooks\\rthooks'
94102 INFO: Including run-time hook 'pyi_rth_pkgutil.py' from 'C:\\Users\\tecel\\ardu-field-planner\\.venv\\Lib\\site-packages\\PyInstaller\\hooks\\rthooks'
94104 INFO: Including run-time hook 'pyi_rth_multiprocessing.py' from 'C:\\Users\\tecel\\ardu-field-planner\\.venv\\Lib\\site-packages\\PyInstaller\\hooks\\rthooks'
94106 INFO: Including run-time hook 'pyi_rth_pkgres.py' from 'C:\\Users\\tecel\\ardu-field-planner\\.venv\\Lib\\site-packages\\PyInstaller\\hooks\\rthooks'
94109 INFO: Including run-time hook 'pyi_rth_pyside6.py' from 'C:\\Users\\tecel\\ardu-field-planner\\.venv\\Lib\\site-packages\\PyInstaller\\hooks\\rthooks'
94111 INFO: Processing pre-find-module-path hook 'hook-_pyi_rth_utils.py' from 'C:\\Users\\tecel\\ardu-field-planner\\.venv\\Lib\\site-packages\\PyInstaller\\hooks\\pre_find_module_path'
94112 INFO: Processing standard module hook 'hook-_pyi_rth_utils.py' from 'C:\\Users\\tecel\\ardu-field-planner\\.venv\\Lib\\site-packages\\PyInstaller\\hooks'
94126 INFO: Creating base_library.zip...
94141 INFO: Looking for dynamic libraries
95092 INFO: Extra DLL search directories (AddDllDirectory): ['C:\\Users\\tecel\\ardu-field-planner\\.venv\\Lib\\site-packages\\shiboken6', 'C:\\Users\\tecel\\ardu-field-planner\\.venv\\Lib\\site-packages\\numpy.libs', 'C:\\Users\\tecel\\ardu-field-planner\\.venv\\Lib\\site-packages\\shapely.libs']
95092 INFO: Extra DLL search directories (PATH): ['C:\\Users\\tecel\\ardu-field-planner\\.venv\\Lib\\site-packages\\PySide6']
96858 INFO: Warnings written to C:\Users\tecel\ardu-field-planner\build\FieldMissionPlanner\warn-FieldMissionPlanner.txt
96920 INFO: Graph cross-reference written to C:\Users\tecel\ardu-field-planner\build\FieldMissionPlanner\xref-FieldMissionPlanner.html
96964 INFO: checking PYZ
96964 INFO: Building PYZ because PYZ-00.toc is non existent
96964 INFO: Building PYZ (ZlibArchive) C:\Users\tecel\ardu-field-planner\build\FieldMissionPlanner\PYZ-00.pyz
98162 INFO: Building PYZ (ZlibArchive) C:\Users\tecel\ardu-field-planner\build\FieldMissionPlanner\PYZ-00.pyz completed successfully.
98178 INFO: checking PKG
98178 INFO: Building PKG because PKG-00.toc is non existent
98178 INFO: Building PKG (CArchive) FieldMissionPlanner.pkg
98202 INFO: Building PKG (CArchive) FieldMissionPlanner.pkg completed successfully.
98205 INFO: Bootloader C:\Users\tecel\ardu-field-planner\.venv\Lib\site-packages\PyInstaller\bootloader\Windows-64bit-intel\runw.exe
98205 INFO: checking EXE
98205 INFO: Building EXE because EXE-00.toc is non existent
98205 INFO: Building EXE from EXE-00.toc
98205 INFO: Copying bootloader EXE to C:\Users\tecel\ardu-field-planner\build\FieldMissionPlanner\FieldMissionPlanner.exe
98225 INFO: Copying icon to EXE
98235 INFO: Copying 0 resources to EXE
98235 INFO: Embedding manifest in EXE
98244 INFO: Appending PKG archive to EXE
98474 INFO: Fixing EXE headers
99031 INFO: Building EXE from EXE-00.toc completed successfully.
99035 INFO: checking COLLECT
99035 INFO: Building COLLECT because COLLECT-00.toc is non existent
99035 INFO: Building COLLECT COLLECT-00.toc
103559 INFO: Building COLLECT COLLECT-00.toc completed successfully.
103566 INFO: Build complete! The results are available in: C:\Users\tecel\ardu-field-planner\dist
