Suggested EK3_DRAG_BCOEF_* = 17.209, EK3_DRAG_MCOEF = 0.209
Home: 49.500000 24.000000 alt=200.000000m hdg=0.000000
Starting sketch 'ArduCopter'
Starting SITL input
Using Irlock at port : 9005
bind port 5760 for SERIAL0
SERIAL0 on TCP port 5760
Waiting for connection ....
Connection on serial port 5760
Loaded defaults from @ROMFS/default_params/copter.parm
Smoothing reset at 0.001
bind port 5762 for SERIAL1
SERIAL1 on TCP port 5762
bind port 5763 for SERIAL2
SERIAL2 on TCP port 5763
Loaded defaults from @ROMFS/default_params/copter.parm
validate_structures:538: Validating structures
Waiting for internal clock bits to be set (current=0x00)
Loaded defaults from @ROMFS/default_params/copter.parm
Loaded defaults from @ROMFS/default_params/copter.parm
Loaded defaults from @ROMFS/default_params/copter.parm
Loaded defaults from @ROMFS/default_params/copter.parm
Loaded defaults from @ROMFS/default_params/copter.parm
Loaded defaults from @ROMFS/default_params/copter.parm
Closed connection on SERIAL0
